<?xml version="1.0" encoding="UTF-8"?>
<!-- Generated by org.testng.reporters.JUnitXMLReporter -->
<testsuite ignored="0" hostname="bala" failures="0" tests="4" name="Default test" time="143.98" errors="0" timestamp="13 Nov 2021 08:45:42 GMT">
  <testcase classname="org.temp.amazon.tc.TCs" name="t_01_product_search" time="55.867"/>
  <testcase classname="org.temp.amazon.tc.TCs" name="t_02_product_search" time="31.138"/>
  <testcase classname="org.temp.amazon.tc.TCs" name="t_03_product_search" time="43.453"/>
  <testcase classname="org.temp.amazon.tc.TCs" name="t_04_product_search" time="13.245"/>
</testsuite> <!-- Default test -->
